SF:lib/src/data/helpers/batch_processor.dart
DA:37,1
DA:44,3
DA:45,0
DA:46,0
DA:63,0
DA:64,0
DA:65,0
DA:66,0
DA:67,0
DA:68,0
DA:69,0
DA:70,0
DA:71,0
DA:72,0
DA:75,0
DA:77,0
DA:78,0
DA:82,0
DA:87,0
DA:88,0
DA:89,0
DA:90,0
DA:95,0
DA:96,0
DA:97,0
DA:100,0
DA:101,0
DA:102,0
DA:103,0
DA:104,0
DA:105,0
DA:106,0
DA:112,0
DA:113,0
DA:114,0
DA:115,0
LF:36
LH:2
end_of_record
SF:lib/src/core/aptabse_logger.dart
DA:23,1
DA:74,3
DA:88,1
DA:98,4
DA:99,2
DA:100,1
DA:102,1
DA:116,1
DA:123,1
DA:137,1
DA:144,1
DA:151,1
DA:158,1
DA:165,1
DA:171,1
DA:183,1
DA:189,1
LF:17
LH:17
end_of_record
SF:lib/src/core/sys_info.dart
DA:11,1
DA:46,1
DA:47,1
DA:48,1
DA:50,1
DA:55,1
DA:57,1
DA:60,1
DA:61,1
DA:62,1
LF:10
LH:10
end_of_record
SF:lib/src/aptabase.dart
DA:19,1
DA:25,3
DA:26,2
DA:27,2
DA:28,1
DA:31,2
DA:32,1
DA:33,1
DA:34,1
DA:35,1
DA:36,1
DA:38,1
DA:39,1
DA:56,1
DA:63,0
DA:65,0
DA:66,0
DA:69,0
DA:73,1
DA:74,2
DA:75,2
DA:76,0
DA:78,4
DA:79,0
DA:81,0
DA:82,0
DA:83,0
DA:84,0
DA:87,0
DA:88,0
DA:95,1
DA:96,2
DA:97,2
DA:101,1
DA:105,1
DA:106,1
DA:107,1
DA:108,1
DA:110,1
DA:111,3
DA:113,1
DA:119,1
DA:120,1
DA:121,2
DA:126,0
DA:130,0
DA:131,0
DA:134,0
DA:135,0
DA:139,0
DA:142,0
DA:143,0
DA:144,0
DA:145,0
DA:146,0
DA:147,0
DA:151,0
DA:152,0
DA:155,0
DA:157,0
LF:60
LH:32
end_of_record
SF:lib/src/domain/entities/aptabase_config.dart
DA:35,4
DA:96,2
DA:97,4
DA:98,6
DA:105,4
DA:106,16
DA:110,2
DA:111,4
DA:112,2
DA:114,6
LF:10
LH:10
end_of_record
SF:lib/src/data/services/aptabase_api_client.dart
DA:19,1
DA:25,0
DA:26,0
DA:27,0
DA:28,0
DA:31,0
DA:32,0
DA:34,0
DA:35,0
DA:36,0
DA:37,0
DA:38,0
DA:39,0
DA:42,0
DA:52,0
DA:56,0
DA:60,0
DA:62,0
DA:63,0
DA:64,0
DA:65,0
DA:66,0
DA:70,0
DA:73,0
DA:76,0
DA:77,0
DA:78,0
DA:79,0
LF:28
LH:1
end_of_record
SF:lib/src/data/helpers/session.dart
DA:11,3
DA:19,1
DA:22,2
DA:23,2
DA:27,1
DA:28,4
DA:29,4
DA:31,1
DA:38,0
DA:39,0
DA:40,0
DA:41,0
DA:42,0
DA:45,0
DA:46,0
LF:15
LH:8
end_of_record
SF:lib/src/domain/entities/storage_event_item.dart
DA:32,0
DA:46,0
DA:52,0
DA:54,0
DA:55,0
DA:56,0
DA:57,0
DA:58,0
DA:61,0
DA:65,0
DA:66,0
DA:86,0
DA:90,0
DA:91,0
DA:92,0
DA:93,0
DA:94,0
DA:95,0
DA:99,0
DA:100,0
DA:101,0
DA:102,0
DA:103,0
DA:104,0
DA:105,0
DA:109,0
DA:112,0
DA:113,0
LF:28
LH:0
end_of_record
SF:lib/src/domain/entities/event_system_properties.dart
DA:12,0
DA:69,0
DA:70,0
DA:71,0
DA:72,0
DA:73,0
DA:74,0
DA:75,0
DA:76,0
DA:77,0
DA:81,0
DA:84,0
DA:86,0
DA:90,0
DA:91,0
DA:92,0
DA:93,0
DA:94,0
DA:95,0
DA:96,0
DA:97,0
LF:21
LH:0
end_of_record
SF:lib/src/domain/entities/aptabase_track_event.dart
DA:18,1
LF:1
LH:1
end_of_record
SF:lib/src/domain/services/aptabase_storage.dart
DA:7,0
LF:1
LH:0
end_of_record
SF:lib/src/data/services/aptabase_inmemory_storage.dart
DA:11,1
DA:14,2
DA:15,0
DA:28,0
DA:30,0
DA:31,0
DA:32,0
DA:34,0
DA:38,0
DA:40,0
DA:41,0
DA:42,0
DA:45,0
DA:51,0
DA:53,0
DA:54,0
DA:58,0
DA:60,0
DA:61,0
DA:62,0
DA:65,0
DA:67,0
DA:68,0
DA:71,0
DA:73,0
DA:74,0
DA:77,0
DA:79,0
DA:80,0
DA:81,0
DA:84,0
DA:86,0
DA:87,0
DA:90,0
DA:91,0
DA:92,0
DA:94,0
DA:97,0
DA:100,1
DA:101,2
LF:40
LH:4
end_of_record
SF:lib/src/domain/error/aptabase_exception.dart
DA:6,9
DA:16,3
DA:17,0
DA:21,0
DA:23,0
DA:31,3
DA:32,0
DA:36,0
DA:38,0
DA:46,3
DA:47,0
DA:51,1
DA:53,1
DA:60,0
DA:76,0
DA:78,0
LF:16
LH:6
end_of_record
SF:lib/src/domain/extensions/datetime_extension.dart
DA:4,6
DA:7,0
DA:8,0
LF:3
LH:1
end_of_record
SF:lib/src/domain/error/aptabase_error_response.dart
DA:10,0
DA:19,0
DA:20,0
DA:21,0
DA:22,0
DA:23,0
DA:24,0
DA:25,0
DA:30,0
DA:31,0
DA:49,0
DA:50,0
DA:51,0
DA:52,0
DA:53,0
DA:54,0
DA:55,0
DA:60,0
DA:66,0
DA:72,0
DA:73,0
DA:74,0
DA:75,0
DA:80,0
DA:89,0
DA:90,0
DA:91,0
DA:92,0
DA:97,0
DA:103,0
DA:106,0
DA:107,0
DA:108,0
DA:109,0
DA:110,0
DA:111,0
LF:36
LH:0
end_of_record
SF:lib/src/domain/error/aptabase_failure.dart
DA:9,4
DA:14,1
DA:16,2
DA:25,3
DA:30,0
DA:32,0
DA:34,0
DA:41,0
DA:46,3
DA:58,0
DA:63,0
DA:65,0
DA:72,3
DA:74,0
DA:76,0
DA:83,0
LF:16
LH:6
end_of_record
SF:lib/src/domain/extensions/http_extensions.dart
DA:19,0
DA:20,0
DA:21,0
DA:22,0
DA:26,0
DA:28,0
LF:6
LH:0
end_of_record
